{"timestamp": "2026-01-19T12:41:47.993392", "level": "INFO", "logger": "MarketingCampaign Schema", "module": "schema", "message": "Reading raw CSV"}
{"timestamp": "2026-01-19T12:42:01.437844", "level": "INFO", "logger": "MarketingCampaign Schema", "module": "schema", "message": "Dataset schema (JSON)"}
{"timestamp": "2026-01-19T12:42:01.488724", "level": "INFO", "logger": "MarketingCampaign Schema", "module": "schema", "message": "{\"fields\":[{\"metadata\":{},\"name\":\"Campaign_ID\",\"nullable\":true,\"type\":\"integer\"},{\"metadata\":{},\"name\":\"Company\",\"nullable\":true,\"type\":\"string\"},{\"metadata\":{},\"name\":\"Campaign_Type\",\"nullable\":true,\"type\":\"string\"},{\"metadata\":{},\"name\":\"Target_Audience\",\"nullable\":true,\"type\":\"string\"},{\"metadata\":{},\"name\":\"Duration\",\"nullable\":true,\"type\":\"string\"},{\"metadata\":{},\"name\":\"Channel_Used\",\"nullable\":true,\"type\":\"string\"},{\"metadata\":{},\"name\":\"Conversion_Rate\",\"nullable\":true,\"type\":\"double\"},{\"metadata\":{},\"name\":\"Acquisition_Cost\",\"nullable\":true,\"type\":\"string\"},{\"metadata\":{},\"name\":\"ROI\",\"nullable\":true,\"type\":\"double\"},{\"metadata\":{},\"name\":\"Location\",\"nullable\":true,\"type\":\"string\"},{\"metadata\":{},\"name\":\"Language\",\"nullable\":true,\"type\":\"string\"},{\"metadata\":{},\"name\":\"Clicks\",\"nullable\":true,\"type\":\"integer\"},{\"metadata\":{},\"name\":\"Impressions\",\"nullable\":true,\"type\":\"integer\"},{\"metadata\":{},\"name\":\"Engagement_Score\",\"nullable\":true,\"type\":\"integer\"},{\"metadata\":{},\"name\":\"Customer_Segment\",\"nullable\":true,\"type\":\"string\"},{\"metadata\":{},\"name\":\"Date\",\"nullable\":true,\"type\":\"date\"}],\"type\":\"struct\"}"}
{"timestamp": "2026-01-19T12:42:01.488724", "level": "INFO", "logger": "MarketingCampaign Schema", "module": "schema", "message": "Sample data (first 5 rows)"}
{"timestamp": "2026-01-19T12:42:05.044815", "level": "INFO", "logger": "MarketingCampaign Schema", "module": "schema", "message": "{\"Campaign_ID\":1,\"Company\":\"Innovate Industries\",\"Campaign_Type\":\"Email\",\"Target_Audience\":\"Men 18-24\",\"Duration\":\"30 days\",\"Channel_Used\":\"Google Ads\",\"Conversion_Rate\":0.04,\"Acquisition_Cost\":\"$16,174.00\",\"ROI\":6.29,\"Location\":\"Chicago\",\"Language\":\"Spanish\",\"Clicks\":506,\"Impressions\":1922,\"Engagement_Score\":6,\"Customer_Segment\":\"Health & Wellness\",\"Date\":\"2021-01-01\"}"}
{"timestamp": "2026-01-19T12:42:05.044815", "level": "INFO", "logger": "MarketingCampaign Schema", "module": "schema", "message": "{\"Campaign_ID\":2,\"Company\":\"NexGen Systems\",\"Campaign_Type\":\"Email\",\"Target_Audience\":\"Women 35-44\",\"Duration\":\"60 days\",\"Channel_Used\":\"Google Ads\",\"Conversion_Rate\":0.12,\"Acquisition_Cost\":\"$11,566.00\",\"ROI\":5.61,\"Location\":\"New York\",\"Language\":\"German\",\"Clicks\":116,\"Impressions\":7523,\"Engagement_Score\":7,\"Customer_Segment\":\"Fashionistas\",\"Date\":\"2021-01-02\"}"}
{"timestamp": "2026-01-19T12:42:05.044815", "level": "INFO", "logger": "MarketingCampaign Schema", "module": "schema", "message": "{\"Campaign_ID\":3,\"Company\":\"Alpha Innovations\",\"Campaign_Type\":\"Influencer\",\"Target_Audience\":\"Men 25-34\",\"Duration\":\"30 days\",\"Channel_Used\":\"YouTube\",\"Conversion_Rate\":0.07,\"Acquisition_Cost\":\"$10,200.00\",\"ROI\":7.18,\"Location\":\"Los Angeles\",\"Language\":\"French\",\"Clicks\":584,\"Impressions\":7698,\"Engagement_Score\":1,\"Customer_Segment\":\"Outdoor Adventurers\",\"Date\":\"2021-01-03\"}"}
{"timestamp": "2026-01-19T12:42:05.049176", "level": "INFO", "logger": "MarketingCampaign Schema", "module": "schema", "message": "{\"Campaign_ID\":4,\"Company\":\"DataTech Solutions\",\"Campaign_Type\":\"Display\",\"Target_Audience\":\"All Ages\",\"Duration\":\"60 days\",\"Channel_Used\":\"YouTube\",\"Conversion_Rate\":0.11,\"Acquisition_Cost\":\"$12,724.00\",\"ROI\":5.55,\"Location\":\"Miami\",\"Language\":\"Mandarin\",\"Clicks\":217,\"Impressions\":1820,\"Engagement_Score\":7,\"Customer_Segment\":\"Health & Wellness\",\"Date\":\"2021-01-04\"}"}
{"timestamp": "2026-01-19T12:42:05.049176", "level": "INFO", "logger": "MarketingCampaign Schema", "module": "schema", "message": "{\"Campaign_ID\":5,\"Company\":\"NexGen Systems\",\"Campaign_Type\":\"Email\",\"Target_Audience\":\"Men 25-34\",\"Duration\":\"15 days\",\"Channel_Used\":\"YouTube\",\"Conversion_Rate\":0.05,\"Acquisition_Cost\":\"$16,452.00\",\"ROI\":6.5,\"Location\":\"Los Angeles\",\"Language\":\"Mandarin\",\"Clicks\":379,\"Impressions\":4201,\"Engagement_Score\":3,\"Customer_Segment\":\"Health & Wellness\",\"Date\":\"2021-01-05\"}"}
{"timestamp": "2026-01-19T12:42:05.049176", "level": "INFO", "logger": "MarketingCampaign Schema", "module": "schema", "message": "Number of Rows & Columns"}
{"timestamp": "2026-01-19T12:42:05.935082", "level": "INFO", "logger": "MarketingCampaign Schema", "module": "schema", "message": "Number of rows : 200000"}
{"timestamp": "2026-01-19T12:42:05.935082", "level": "INFO", "logger": "MarketingCampaign Schema", "module": "schema", "message": "Number of columns : 16"}
{"timestamp": "2026-01-19T12:42:05.935082", "level": "INFO", "logger": "MarketingCampaign Schema", "module": "schema", "message": "Column names"}
{"timestamp": "2026-01-19T12:42:05.943640", "level": "INFO", "logger": "MarketingCampaign Schema", "module": "schema", "message": "Column : Campaign_ID"}
{"timestamp": "2026-01-19T12:42:05.943640", "level": "INFO", "logger": "MarketingCampaign Schema", "module": "schema", "message": "Column : Company"}
{"timestamp": "2026-01-19T12:42:05.943640", "level": "INFO", "logger": "MarketingCampaign Schema", "module": "schema", "message": "Column : Campaign_Type"}
{"timestamp": "2026-01-19T12:42:05.943640", "level": "INFO", "logger": "MarketingCampaign Schema", "module": "schema", "message": "Column : Target_Audience"}
{"timestamp": "2026-01-19T12:42:05.944884", "level": "INFO", "logger": "MarketingCampaign Schema", "module": "schema", "message": "Column : Duration"}
{"timestamp": "2026-01-19T12:42:05.944884", "level": "INFO", "logger": "MarketingCampaign Schema", "module": "schema", "message": "Column : Channel_Used"}
{"timestamp": "2026-01-19T12:42:05.944884", "level": "INFO", "logger": "MarketingCampaign Schema", "module": "schema", "message": "Column : Conversion_Rate"}
{"timestamp": "2026-01-19T12:42:05.944884", "level": "INFO", "logger": "MarketingCampaign Schema", "module": "schema", "message": "Column : Acquisition_Cost"}
{"timestamp": "2026-01-19T12:42:05.944884", "level": "INFO", "logger": "MarketingCampaign Schema", "module": "schema", "message": "Column : ROI"}
{"timestamp": "2026-01-19T12:42:05.944884", "level": "INFO", "logger": "MarketingCampaign Schema", "module": "schema", "message": "Column : Location"}
{"timestamp": "2026-01-19T12:42:05.944884", "level": "INFO", "logger": "MarketingCampaign Schema", "module": "schema", "message": "Column : Language"}
{"timestamp": "2026-01-19T12:42:05.944884", "level": "INFO", "logger": "MarketingCampaign Schema", "module": "schema", "message": "Column : Clicks"}
{"timestamp": "2026-01-19T12:42:05.944884", "level": "INFO", "logger": "MarketingCampaign Schema", "module": "schema", "message": "Column : Impressions"}
{"timestamp": "2026-01-19T12:42:05.946907", "level": "INFO", "logger": "MarketingCampaign Schema", "module": "schema", "message": "Column : Engagement_Score"}
{"timestamp": "2026-01-19T12:42:05.946907", "level": "INFO", "logger": "MarketingCampaign Schema", "module": "schema", "message": "Column : Customer_Segment"}
{"timestamp": "2026-01-19T12:42:05.946907", "level": "INFO", "logger": "MarketingCampaign Schema", "module": "schema", "message": "Column : Date"}
